::1 - - [27/Jan/2020:09:18:23 +0000] "GET / HTTP/1.1" 304 - "-" "Mozilla/5.0 (X11; Linux x86_64) AppleWebKit/537.36 (KHTML, like Gecko) Chrome/79.0.3945.117 Safari/537.36"
::1 - - [27/Jan/2020:09:18:43 +0000] "GET /search HTTP/1.1" 304 - "http://localhost:3000/" "Mozilla/5.0 (X11; Linux x86_64) AppleWebKit/537.36 (KHTML, like Gecko) Chrome/79.0.3945.117 Safari/537.36"
::1 - - [27/Jan/2020:09:18:48 +0000] "GET /users HTTP/1.1" 304 - "http://localhost:3000/search" "Mozilla/5.0 (X11; Linux x86_64) AppleWebKit/537.36 (KHTML, like Gecko) Chrome/79.0.3945.117 Safari/537.36"
::1 - - [27/Jan/2020:09:20:38 +0000] "GET /users HTTP/1.1" 304 - "http://localhost:3000/search" "Mozilla/5.0 (X11; Linux x86_64) AppleWebKit/537.36 (KHTML, like Gecko) Chrome/79.0.3945.117 Safari/537.36"
::1 - - [27/Jan/2020:10:01:57 +0000] "GET /users HTTP/1.1" 304 - "http://localhost:3000/search" "Mozilla/5.0 (X11; Linux x86_64) AppleWebKit/537.36 (KHTML, like Gecko) Chrome/79.0.3945.117 Safari/537.36"
::1 - - [27/Jan/2020:10:02:01 +0000] "GET /create HTTP/1.1" 304 - "-" "Mozilla/5.0 (X11; Linux x86_64) AppleWebKit/537.36 (KHTML, like Gecko) Chrome/79.0.3945.117 Safari/537.36"
::1 - - [27/Jan/2020:10:02:13 +0000] "GET /create?user_id=192&username=hashlegend&password=abc123&role=2 HTTP/1.1" 302 68 "http://localhost:3000/create" "Mozilla/5.0 (X11; Linux x86_64) AppleWebKit/537.36 (KHTML, like Gecko) Chrome/79.0.3945.117 Safari/537.36"
::ffff:127.0.0.1 - - [27/Jan/2020:10:02:13 +0000] "POST /users HTTP/1.1" 200 13 "-" "node-fetch/1.0 (+https://github.com/bitinn/node-fetch)"
::1 - - [27/Jan/2020:10:02:13 +0000] "GET /usercreated HTTP/1.1" 304 - "http://localhost:3000/create" "Mozilla/5.0 (X11; Linux x86_64) AppleWebKit/537.36 (KHTML, like Gecko) Chrome/79.0.3945.117 Safari/537.36"
::1 - - [27/Jan/2020:10:02:20 +0000] "GET /users/192 HTTP/1.1" 200 852 "-" "Mozilla/5.0 (X11; Linux x86_64) AppleWebKit/537.36 (KHTML, like Gecko) Chrome/79.0.3945.117 Safari/537.36"
::1 - - [27/Jan/2020:10:02:45 +0000] "GET /delete?user_id=192 HTTP/1.1" 302 68 "http://localhost:3000/delete" "Mozilla/5.0 (X11; Linux x86_64) AppleWebKit/537.36 (KHTML, like Gecko) Chrome/79.0.3945.117 Safari/537.36"
::ffff:127.0.0.1 - - [27/Jan/2020:10:02:45 +0000] "DELETE /users/192 HTTP/1.1" 200 13 "-" "node-fetch/1.0 (+https://github.com/bitinn/node-fetch)"
::1 - - [27/Jan/2020:10:02:45 +0000] "GET /userdeleted HTTP/1.1" 304 - "http://localhost:3000/delete" "Mozilla/5.0 (X11; Linux x86_64) AppleWebKit/537.36 (KHTML, like Gecko) Chrome/79.0.3945.117 Safari/537.36"
::1 - - [27/Jan/2020:10:02:47 +0000] "GET /users/192 HTTP/1.1" 500 2121 "-" "Mozilla/5.0 (X11; Linux x86_64) AppleWebKit/537.36 (KHTML, like Gecko) Chrome/79.0.3945.117 Safari/537.36"
::1 - - [27/Jan/2020:10:03:15 +0000] "GET /create?user_id=192&username=hashlegend&password=abc123&role=2 HTTP/1.1" 302 68 "http://localhost:3000/create" "Mozilla/5.0 (X11; Linux x86_64) AppleWebKit/537.36 (KHTML, like Gecko) Chrome/79.0.3945.117 Safari/537.36"
::ffff:127.0.0.1 - - [27/Jan/2020:10:03:15 +0000] "POST /users HTTP/1.1" 200 13 "-" "node-fetch/1.0 (+https://github.com/bitinn/node-fetch)"
::1 - - [27/Jan/2020:10:03:15 +0000] "GET /usercreated HTTP/1.1" 304 - "http://localhost:3000/create" "Mozilla/5.0 (X11; Linux x86_64) AppleWebKit/537.36 (KHTML, like Gecko) Chrome/79.0.3945.117 Safari/537.36"
::1 - - [27/Jan/2020:10:03:47 +0000] "GET /create?user_id=192&username=hashlegend&password=abc123&role=2 HTTP/1.1" 302 68 "http://localhost:3000/create" "Mozilla/5.0 (X11; Linux x86_64) AppleWebKit/537.36 (KHTML, like Gecko) Chrome/79.0.3945.117 Safari/537.36"
::1 - - [27/Jan/2020:10:03:48 +0000] "GET /usercreated HTTP/1.1" 304 - "http://localhost:3000/create" "Mozilla/5.0 (X11; Linux x86_64) AppleWebKit/537.36 (KHTML, like Gecko) Chrome/79.0.3945.117 Safari/537.36"
::ffff:127.0.0.1 - - [27/Jan/2020:10:03:48 +0000] "POST /users HTTP/1.1" 200 13 "-" "node-fetch/1.0 (+https://github.com/bitinn/node-fetch)"
::1 - - [27/Jan/2020:10:04:12 +0000] "GET /create?user_id=192&username=hashlegend&password=abc123&role=2 HTTP/1.1" 302 68 "http://localhost:3000/create" "Mozilla/5.0 (X11; Linux x86_64) AppleWebKit/537.36 (KHTML, like Gecko) Chrome/79.0.3945.117 Safari/537.36"
::ffff:127.0.0.1 - - [27/Jan/2020:10:04:12 +0000] "POST /users HTTP/1.1" 200 13 "-" "node-fetch/1.0 (+https://github.com/bitinn/node-fetch)"
::1 - - [27/Jan/2020:10:04:12 +0000] "GET /usercreated HTTP/1.1" 304 - "http://localhost:3000/create" "Mozilla/5.0 (X11; Linux x86_64) AppleWebKit/537.36 (KHTML, like Gecko) Chrome/79.0.3945.117 Safari/537.36"
::1 - - [27/Jan/2020:10:04:18 +0000] "GET /users/192 HTTP/1.1" 200 855 "-" "Mozilla/5.0 (X11; Linux x86_64) AppleWebKit/537.36 (KHTML, like Gecko) Chrome/79.0.3945.117 Safari/537.36"
::1 - - [27/Jan/2020:10:05:17 +0000] "GET /modify HTTP/1.1" 304 - "-" "Mozilla/5.0 (X11; Linux x86_64) AppleWebKit/537.36 (KHTML, like Gecko) Chrome/79.0.3945.117 Safari/537.36"
::1 - - [27/Jan/2020:10:05:24 +0000] "GET /modify?user_id=192&new_password=anewone HTTP/1.1" 302 76 "http://localhost:3000/modify" "Mozilla/5.0 (X11; Linux x86_64) AppleWebKit/537.36 (KHTML, like Gecko) Chrome/79.0.3945.117 Safari/537.36"
::1 - - [27/Jan/2020:10:05:24 +0000] "GET /passwordchanged HTTP/1.1" 304 - "http://localhost:3000/modify" "Mozilla/5.0 (X11; Linux x86_64) AppleWebKit/537.36 (KHTML, like Gecko) Chrome/79.0.3945.117 Safari/537.36"
::1 - - [27/Jan/2020:10:05:28 +0000] "GET /users/192 HTTP/1.1" 200 855 "-" "Mozilla/5.0 (X11; Linux x86_64) AppleWebKit/537.36 (KHTML, like Gecko) Chrome/79.0.3945.117 Safari/537.36"
::1 - - [27/Jan/2020:10:14:22 +0000] "GET / HTTP/1.1" 200 863 "-" "Mozilla/5.0 (X11; Linux x86_64) AppleWebKit/537.36 (KHTML, like Gecko) Chrome/79.0.3945.117 Safari/537.36"
::1 - - [27/Jan/2020:10:14:23 +0000] "GET /dump HTTP/1.1" 500 1387 "http://localhost:3000/" "Mozilla/5.0 (X11; Linux x86_64) AppleWebKit/537.36 (KHTML, like Gecko) Chrome/79.0.3945.117 Safari/537.36"
::1 - - [27/Jan/2020:10:25:36 +0000] "GET /dump HTTP/1.1" 500 1381 "http://localhost:3000/" "Mozilla/5.0 (X11; Linux x86_64) AppleWebKit/537.36 (KHTML, like Gecko) Chrome/79.0.3945.117 Safari/537.36"
::1 - - [27/Jan/2020:10:25:50 +0000] "GET /dump HTTP/1.1" 500 1391 "http://localhost:3000/" "Mozilla/5.0 (X11; Linux x86_64) AppleWebKit/537.36 (KHTML, like Gecko) Chrome/79.0.3945.117 Safari/537.36"
::1 - - [27/Jan/2020:10:26:04 +0000] "GET /dump HTTP/1.1" 500 1387 "http://localhost:3000/" "Mozilla/5.0 (X11; Linux x86_64) AppleWebKit/537.36 (KHTML, like Gecko) Chrome/79.0.3945.117 Safari/537.36"
::1 - - [27/Jan/2020:10:30:54 +0000] "GET /users/servers/3 HTTP/1.1" 500 1389 "-" "Mozilla/5.0 (X11; Linux x86_64) AppleWebKit/537.36 (KHTML, like Gecko) Chrome/79.0.3945.117 Safari/537.36"
::1 - - [27/Jan/2020:10:31:07 +0000] "GET /users/servers/3 HTTP/1.1" 200 713 "-" "Mozilla/5.0 (X11; Linux x86_64) AppleWebKit/537.36 (KHTML, like Gecko) Chrome/79.0.3945.117 Safari/537.36"
::1 - - [27/Jan/2020:10:31:57 +0000] "GET /users/servers/3 HTTP/1.1" 304 - "-" "Mozilla/5.0 (X11; Linux x86_64) AppleWebKit/537.36 (KHTML, like Gecko) Chrome/79.0.3945.117 Safari/537.36"
::1 - - [27/Jan/2020:10:32:05 +0000] "GET /users/servers/2 HTTP/1.1" 304 - "-" "Mozilla/5.0 (X11; Linux x86_64) AppleWebKit/537.36 (KHTML, like Gecko) Chrome/79.0.3945.117 Safari/537.36"
::1 - - [27/Jan/2020:10:32:55 +0000] "GET /users/servers/2 HTTP/1.1" 304 - "-" "Mozilla/5.0 (X11; Linux x86_64) AppleWebKit/537.36 (KHTML, like Gecko) Chrome/79.0.3945.117 Safari/537.36"
::1 - - [27/Jan/2020:10:33:34 +0000] "GET /users/servers/2 HTTP/1.1" 304 - "-" "Mozilla/5.0 (X11; Linux x86_64) AppleWebKit/537.36 (KHTML, like Gecko) Chrome/79.0.3945.117 Safari/537.36"
::1 - - [27/Jan/2020:10:33:52 +0000] "GET /users/servers/2 HTTP/1.1" 304 - "-" "Mozilla/5.0 (X11; Linux x86_64) AppleWebKit/537.36 (KHTML, like Gecko) Chrome/79.0.3945.117 Safari/537.36"
::1 - - [27/Jan/2020:10:34:36 +0000] "GET /users/servers/2 HTTP/1.1" 304 - "-" "Mozilla/5.0 (X11; Linux x86_64) AppleWebKit/537.36 (KHTML, like Gecko) Chrome/79.0.3945.117 Safari/537.36"
::1 - - [27/Jan/2020:10:35:15 +0000] "GET /users/servers/2 HTTP/1.1" 304 - "-" "Mozilla/5.0 (X11; Linux x86_64) AppleWebKit/537.36 (KHTML, like Gecko) Chrome/79.0.3945.117 Safari/537.36"
::1 - - [27/Jan/2020:10:35:28 +0000] "GET /users/servers/2 HTTP/1.1" 304 - "-" "Mozilla/5.0 (X11; Linux x86_64) AppleWebKit/537.36 (KHTML, like Gecko) Chrome/79.0.3945.117 Safari/537.36"
::1 - - [27/Jan/2020:10:35:37 +0000] "GET /users/servers/2 HTTP/1.1" 304 - "-" "Mozilla/5.0 (X11; Linux x86_64) AppleWebKit/537.36 (KHTML, like Gecko) Chrome/79.0.3945.117 Safari/537.36"
::1 - - [27/Jan/2020:10:40:52 +0000] "GET /users/servers/2 HTTP/1.1" 304 - "-" "Mozilla/5.0 (X11; Linux x86_64) AppleWebKit/537.36 (KHTML, like Gecko) Chrome/79.0.3945.117 Safari/537.36"
::1 - - [27/Jan/2020:10:41:21 +0000] "GET /users/servers/2 HTTP/1.1" 304 - "-" "Mozilla/5.0 (X11; Linux x86_64) AppleWebKit/537.36 (KHTML, like Gecko) Chrome/79.0.3945.117 Safari/537.36"
::1 - - [27/Jan/2020:10:41:46 +0000] "GET /users/servers/2 HTTP/1.1" 304 - "-" "Mozilla/5.0 (X11; Linux x86_64) AppleWebKit/537.36 (KHTML, like Gecko) Chrome/79.0.3945.117 Safari/537.36"
::1 - - [27/Jan/2020:10:42:04 +0000] "GET /users/servers/2 HTTP/1.1" 304 - "-" "Mozilla/5.0 (X11; Linux x86_64) AppleWebKit/537.36 (KHTML, like Gecko) Chrome/79.0.3945.117 Safari/537.36"
::1 - - [27/Jan/2020:10:42:28 +0000] "GET /users/servers/2 HTTP/1.1" 304 - "-" "Mozilla/5.0 (X11; Linux x86_64) AppleWebKit/537.36 (KHTML, like Gecko) Chrome/79.0.3945.117 Safari/537.36"
::1 - - [27/Jan/2020:10:42:40 +0000] "GET /users/servers/2 HTTP/1.1" 304 - "-" "Mozilla/5.0 (X11; Linux x86_64) AppleWebKit/537.36 (KHTML, like Gecko) Chrome/79.0.3945.117 Safari/537.36"
::1 - - [27/Jan/2020:10:43:03 +0000] "GET /users/servers/2 HTTP/1.1" 304 - "-" "Mozilla/5.0 (X11; Linux x86_64) AppleWebKit/537.36 (KHTML, like Gecko) Chrome/79.0.3945.117 Safari/537.36"
::1 - - [27/Jan/2020:10:43:14 +0000] "GET /users/servers/2 HTTP/1.1" 304 - "-" "Mozilla/5.0 (X11; Linux x86_64) AppleWebKit/537.36 (KHTML, like Gecko) Chrome/79.0.3945.117 Safari/537.36"
::1 - - [27/Jan/2020:10:43:24 +0000] "GET /users/servers/2 HTTP/1.1" 304 - "-" "Mozilla/5.0 (X11; Linux x86_64) AppleWebKit/537.36 (KHTML, like Gecko) Chrome/79.0.3945.117 Safari/537.36"
::1 - - [27/Jan/2020:10:43:43 +0000] "GET /users/servers/2 HTTP/1.1" 304 - "-" "Mozilla/5.0 (X11; Linux x86_64) AppleWebKit/537.36 (KHTML, like Gecko) Chrome/79.0.3945.117 Safari/537.36"
::1 - - [27/Jan/2020:10:46:39 +0000] "GET /users/servers/2 HTTP/1.1" 500 1400 "-" "Mozilla/5.0 (X11; Linux x86_64) AppleWebKit/537.36 (KHTML, like Gecko) Chrome/79.0.3945.117 Safari/537.36"
::1 - - [27/Jan/2020:10:46:51 +0000] "GET /users/servers/2 HTTP/1.1" 200 827 "-" "Mozilla/5.0 (X11; Linux x86_64) AppleWebKit/537.36 (KHTML, like Gecko) Chrome/79.0.3945.117 Safari/537.36"
::1 - - [27/Jan/2020:10:47:31 +0000] "GET /users/servers/2 HTTP/1.1" 304 - "-" "Mozilla/5.0 (X11; Linux x86_64) AppleWebKit/537.36 (KHTML, like Gecko) Chrome/79.0.3945.117 Safari/537.36"
::1 - - [27/Jan/2020:10:48:08 +0000] "GET /users/servers/2 HTTP/1.1" 304 - "-" "Mozilla/5.0 (X11; Linux x86_64) AppleWebKit/537.36 (KHTML, like Gecko) Chrome/79.0.3945.117 Safari/537.36"
::1 - - [27/Jan/2020:10:48:24 +0000] "GET /users/servers/2 HTTP/1.1" 304 - "-" "Mozilla/5.0 (X11; Linux x86_64) AppleWebKit/537.36 (KHTML, like Gecko) Chrome/79.0.3945.117 Safari/537.36"
::1 - - [27/Jan/2020:10:48:36 +0000] "GET /users/servers/2 HTTP/1.1" 304 - "-" "Mozilla/5.0 (X11; Linux x86_64) AppleWebKit/537.36 (KHTML, like Gecko) Chrome/79.0.3945.117 Safari/537.36"
::1 - - [27/Jan/2020:10:48:45 +0000] "GET /users/servers/2 HTTP/1.1" 304 - "-" "Mozilla/5.0 (X11; Linux x86_64) AppleWebKit/537.36 (KHTML, like Gecko) Chrome/79.0.3945.117 Safari/537.36"
::1 - - [27/Jan/2020:10:49:04 +0000] "GET /users/servers/2 HTTP/1.1" 304 - "-" "Mozilla/5.0 (X11; Linux x86_64) AppleWebKit/537.36 (KHTML, like Gecko) Chrome/79.0.3945.117 Safari/537.36"
::1 - - [27/Jan/2020:10:50:35 +0000] "GET /users/servers/2 HTTP/1.1" 304 - "-" "Mozilla/5.0 (X11; Linux x86_64) AppleWebKit/537.36 (KHTML, like Gecko) Chrome/79.0.3945.117 Safari/537.36"
::1 - - [27/Jan/2020:10:50:39 +0000] "GET /dump HTTP/1.1" 500 1427 "-" "Mozilla/5.0 (X11; Linux x86_64) AppleWebKit/537.36 (KHTML, like Gecko) Chrome/79.0.3945.117 Safari/537.36"
::1 - - [27/Jan/2020:11:05:12 +0000] "GET /dump HTTP/1.1" 500 1410 "-" "Mozilla/5.0 (X11; Linux x86_64) AppleWebKit/537.36 (KHTML, like Gecko) Chrome/79.0.3945.117 Safari/537.36"
::1 - - [27/Jan/2020:11:05:46 +0000] "GET /dump HTTP/1.1" 500 1410 "-" "Mozilla/5.0 (X11; Linux x86_64) AppleWebKit/537.36 (KHTML, like Gecko) Chrome/79.0.3945.117 Safari/537.36"
::1 - - [27/Jan/2020:11:09:09 +0000] "GET /dump HTTP/1.1" 500 1378 "-" "Mozilla/5.0 (X11; Linux x86_64) AppleWebKit/537.36 (KHTML, like Gecko) Chrome/79.0.3945.117 Safari/537.36"
::1 - - [27/Jan/2020:11:09:46 +0000] "GET /dump HTTP/1.1" 500 1378 "-" "Mozilla/5.0 (X11; Linux x86_64) AppleWebKit/537.36 (KHTML, like Gecko) Chrome/79.0.3945.117 Safari/537.36"
::1 - - [27/Jan/2020:11:10:04 +0000] "GET /dump HTTP/1.1" 500 1377 "-" "Mozilla/5.0 (X11; Linux x86_64) AppleWebKit/537.36 (KHTML, like Gecko) Chrome/79.0.3945.117 Safari/537.36"
